mode: set
github.com/willjunx/go-coverage-report/cmd/go-coverage-report/main.go:41.13,44.22 2 0
github.com/willjunx/go-coverage-report/cmd/go-coverage-report/main.go:44.22,46.17 2 0
github.com/willjunx/go-coverage-report/cmd/go-coverage-report/main.go:46.17,47.14 1 0
github.com/willjunx/go-coverage-report/cmd/go-coverage-report/main.go:50.3,50.23 1 0
github.com/willjunx/go-coverage-report/cmd/go-coverage-report/main.go:53.2,58.16 5 0
github.com/willjunx/go-coverage-report/cmd/go-coverage-report/main.go:58.16,60.3 1 0
github.com/willjunx/go-coverage-report/cmd/go-coverage-report/main.go:63.71,67.20 3 0
github.com/willjunx/go-coverage-report/cmd/go-coverage-report/main.go:67.20,68.20 1 0
github.com/willjunx/go-coverage-report/cmd/go-coverage-report/main.go:68.20,70.4 1 0
github.com/willjunx/go-coverage-report/cmd/go-coverage-report/main.go:71.3,72.13 2 0
github.com/willjunx/go-coverage-report/cmd/go-coverage-report/main.go:75.2,81.40 2 0
github.com/willjunx/go-coverage-report/cmd/go-coverage-report/main.go:84.79,86.16 2 0
github.com/willjunx/go-coverage-report/cmd/go-coverage-report/main.go:86.16,88.3 1 0
github.com/willjunx/go-coverage-report/cmd/go-coverage-report/main.go:90.2,91.16 2 0
github.com/willjunx/go-coverage-report/cmd/go-coverage-report/main.go:91.16,93.3 1 0
github.com/willjunx/go-coverage-report/cmd/go-coverage-report/main.go:95.2,96.16 2 0
github.com/willjunx/go-coverage-report/cmd/go-coverage-report/main.go:96.16,98.3 1 0
github.com/willjunx/go-coverage-report/cmd/go-coverage-report/main.go:100.2,100.28 1 0
github.com/willjunx/go-coverage-report/cmd/go-coverage-report/main.go:100.28,103.3 2 0
github.com/willjunx/go-coverage-report/cmd/go-coverage-report/main.go:105.2,106.21 2 0
github.com/willjunx/go-coverage-report/cmd/go-coverage-report/main.go:106.21,108.3 1 0
github.com/willjunx/go-coverage-report/cmd/go-coverage-report/main.go:110.2,110.38 1 0
github.com/willjunx/go-coverage-report/cmd/go-coverage-report/main.go:111.18,113.17 2 0
github.com/willjunx/go-coverage-report/cmd/go-coverage-report/main.go:113.17,114.14 1 0
github.com/willjunx/go-coverage-report/cmd/go-coverage-report/main.go:116.14,118.17 2 0
github.com/willjunx/go-coverage-report/cmd/go-coverage-report/main.go:118.17,119.14 1 0
github.com/willjunx/go-coverage-report/cmd/go-coverage-report/main.go:121.10,122.59 1 0
github.com/willjunx/go-coverage-report/cmd/go-coverage-report/main.go:125.2,125.12 1 0
github.com/willjunx/go-coverage-report/pkg/report/changed_files.go:9.67,11.16 2 0
github.com/willjunx/go-coverage-report/pkg/report/changed_files.go:11.16,13.3 1 0
github.com/willjunx/go-coverage-report/pkg/report/changed_files.go:15.2,17.16 3 0
github.com/willjunx/go-coverage-report/pkg/report/changed_files.go:17.16,19.3 1 0
github.com/willjunx/go-coverage-report/pkg/report/changed_files.go:21.2,21.29 1 0
github.com/willjunx/go-coverage-report/pkg/report/changed_files.go:21.29,23.3 1 0
github.com/willjunx/go-coverage-report/pkg/report/changed_files.go:25.2,25.19 1 0
github.com/willjunx/go-coverage-report/pkg/report/report.go:19.76,28.2 2 0
github.com/willjunx/go-coverage-report/pkg/report/report.go:30.54,36.36 2 0
github.com/willjunx/go-coverage-report/pkg/report/report.go:36.36,38.19 2 0
github.com/willjunx/go-coverage-report/pkg/report/report.go:38.19,39.12 1 0
github.com/willjunx/go-coverage-report/pkg/report/report.go:42.3,43.22 2 0
github.com/willjunx/go-coverage-report/pkg/report/report.go:46.2,48.12 2 0
github.com/willjunx/go-coverage-report/pkg/report/report.go:51.36,60.40 7 0
github.com/willjunx/go-coverage-report/pkg/report/report.go:60.40,63.37 2 0
github.com/willjunx/go-coverage-report/pkg/report/report.go:63.37,65.4 1 0
github.com/willjunx/go-coverage-report/pkg/report/report.go:67.3,67.37 1 0
github.com/willjunx/go-coverage-report/pkg/report/report.go:67.37,69.4 1 0
github.com/willjunx/go-coverage-report/pkg/report/report.go:71.3,74.4 2 0
github.com/willjunx/go-coverage-report/pkg/report/report.go:77.2,80.24 3 0
github.com/willjunx/go-coverage-report/pkg/report/report.go:83.32,85.16 2 0
github.com/willjunx/go-coverage-report/pkg/report/report.go:85.16,86.13 1 0
github.com/willjunx/go-coverage-report/pkg/report/report.go:89.2,89.21 1 0
github.com/willjunx/go-coverage-report/pkg/report/report.go:92.33,99.40 2 0
github.com/willjunx/go-coverage-report/pkg/report/report.go:99.40,102.37 2 0
github.com/willjunx/go-coverage-report/pkg/report/report.go:102.37,104.4 1 0
github.com/willjunx/go-coverage-report/pkg/report/report.go:106.3,106.37 1 0
github.com/willjunx/go-coverage-report/pkg/report/report.go:106.37,108.4 1 0
github.com/willjunx/go-coverage-report/pkg/report/report.go:110.3,110.30 1 0
github.com/willjunx/go-coverage-report/pkg/report/report.go:110.30,112.4 1 0
github.com/willjunx/go-coverage-report/pkg/report/report.go:112.9,112.37 1 0
github.com/willjunx/go-coverage-report/pkg/report/report.go:112.37,114.4 1 0
github.com/willjunx/go-coverage-report/pkg/report/report.go:117.2,117.9 1 0
github.com/willjunx/go-coverage-report/pkg/report/report.go:118.44,119.86 1 0
github.com/willjunx/go-coverage-report/pkg/report/report.go:120.43,121.84 1 0
github.com/willjunx/go-coverage-report/pkg/report/report.go:122.43,123.84 1 0
github.com/willjunx/go-coverage-report/pkg/report/report.go:124.10,125.124 1 0
github.com/willjunx/go-coverage-report/pkg/report/report.go:129.54,139.35 8 0
github.com/willjunx/go-coverage-report/pkg/report/report.go:139.35,140.39 1 0
github.com/willjunx/go-coverage-report/pkg/report/report.go:140.39,142.4 1 0
github.com/willjunx/go-coverage-report/pkg/report/report.go:142.9,144.4 1 0
github.com/willjunx/go-coverage-report/pkg/report/report.go:147.2,147.24 1 0
github.com/willjunx/go-coverage-report/pkg/report/report.go:147.24,149.3 1 0
github.com/willjunx/go-coverage-report/pkg/report/report.go:151.2,151.28 1 0
github.com/willjunx/go-coverage-report/pkg/report/report.go:151.28,153.3 1 0
github.com/willjunx/go-coverage-report/pkg/report/report.go:155.2,155.41 1 0
github.com/willjunx/go-coverage-report/pkg/report/report.go:158.78,164.29 5 0
github.com/willjunx/go-coverage-report/pkg/report/report.go:164.29,168.53 3 0
github.com/willjunx/go-coverage-report/pkg/report/report.go:168.53,170.11 2 0
github.com/willjunx/go-coverage-report/pkg/report/report.go:171.18,172.50 1 0
github.com/willjunx/go-coverage-report/pkg/report/report.go:173.18,174.49 1 0
github.com/willjunx/go-coverage-report/pkg/report/report.go:175.12,176.37 1 0
github.com/willjunx/go-coverage-report/pkg/report/report.go:180.3,188.4 2 0
github.com/willjunx/go-coverage-report/pkg/report/report.go:192.85,196.29 3 0
github.com/willjunx/go-coverage-report/pkg/report/report.go:196.29,198.3 1 0
github.com/willjunx/go-coverage-report/pkg/report/report.go:200.2,200.29 1 0
github.com/willjunx/go-coverage-report/pkg/report/report.go:203.53,204.14 1 0
github.com/willjunx/go-coverage-report/pkg/report/report.go:204.14,206.3 1 0
github.com/willjunx/go-coverage-report/pkg/report/report.go:208.2,209.34 2 0
github.com/willjunx/go-coverage-report/pkg/report/report.go:212.73,216.9 3 0
github.com/willjunx/go-coverage-report/pkg/report/report.go:217.18,218.40 1 0
github.com/willjunx/go-coverage-report/pkg/report/report.go:219.18,220.52 1 0
github.com/willjunx/go-coverage-report/pkg/report/report.go:221.16,222.25 1 0
github.com/willjunx/go-coverage-report/pkg/report/report.go:223.17,225.17 2 0
github.com/willjunx/go-coverage-report/pkg/report/report.go:226.17,227.20 1 0
github.com/willjunx/go-coverage-report/pkg/report/report.go:228.17,229.19 1 0
github.com/willjunx/go-coverage-report/pkg/report/report.go:230.16,231.23 1 0
github.com/willjunx/go-coverage-report/pkg/report/report.go:234.2,234.23 1 0
github.com/willjunx/go-coverage-report/pkg/report/report.go:237.44,238.41 1 0
github.com/willjunx/go-coverage-report/pkg/report/report.go:238.41,240.3 1 0
github.com/willjunx/go-coverage-report/pkg/report/report.go:241.2,241.38 1 0
github.com/willjunx/go-coverage-report/pkg/report/report.go:241.38,243.3 1 0
github.com/willjunx/go-coverage-report/pkg/report/report.go:245.2,246.26 2 0
github.com/willjunx/go-coverage-report/pkg/coverage/coverage.go:15.48,17.29 2 1
github.com/willjunx/go-coverage-report/pkg/coverage/coverage.go:17.29,19.3 1 1
github.com/willjunx/go-coverage-report/pkg/coverage/coverage.go:21.2,21.13 1 1
github.com/willjunx/go-coverage-report/pkg/coverage/coverage.go:24.62,26.16 2 1
github.com/willjunx/go-coverage-report/pkg/coverage/coverage.go:26.16,28.3 1 0
github.com/willjunx/go-coverage-report/pkg/coverage/coverage.go:30.2,30.29 1 1
github.com/willjunx/go-coverage-report/pkg/coverage/coverage.go:33.35,34.38 1 1
github.com/willjunx/go-coverage-report/pkg/coverage/coverage.go:34.38,35.70 1 0
github.com/willjunx/go-coverage-report/pkg/coverage/coverage.go:38.2,41.30 4 1
github.com/willjunx/go-coverage-report/pkg/coverage/coverage.go:44.38,45.22 1 1
github.com/willjunx/go-coverage-report/pkg/coverage/coverage.go:45.22,47.3 1 0
github.com/willjunx/go-coverage-report/pkg/coverage/coverage.go:49.2,49.60 1 1
github.com/willjunx/go-coverage-report/pkg/coverage/coverage.go:52.53,54.28 2 1
github.com/willjunx/go-coverage-report/pkg/coverage/coverage.go:54.28,57.3 2 1
github.com/willjunx/go-coverage-report/pkg/coverage/coverage.go:59.2,60.35 2 1
github.com/willjunx/go-coverage-report/pkg/coverage/coverage.go:60.35,62.30 2 1
github.com/willjunx/go-coverage-report/pkg/coverage/coverage.go:62.30,64.4 1 1
github.com/willjunx/go-coverage-report/pkg/coverage/coverage.go:66.3,66.39 1 1
github.com/willjunx/go-coverage-report/pkg/coverage/coverage.go:69.2,69.16 1 1
github.com/willjunx/go-coverage-report/pkg/coverage/coverage.go:72.46,73.33 1 0
github.com/willjunx/go-coverage-report/pkg/coverage/coverage.go:73.33,77.3 3 0
github.com/willjunx/go-coverage-report/pkg/coverage/helper.go:5.45,9.19 3 0
github.com/willjunx/go-coverage-report/pkg/coverage/helper.go:9.19,11.3 1 0
github.com/willjunx/go-coverage-report/pkg/coverage/helper.go:13.2,13.16 1 0
github.com/willjunx/go-coverage-report/pkg/coverage/profile.go:35.62,37.16 2 1
github.com/willjunx/go-coverage-report/pkg/coverage/profile.go:37.16,39.3 1 0
github.com/willjunx/go-coverage-report/pkg/coverage/profile.go:41.2,43.36 2 1
github.com/willjunx/go-coverage-report/pkg/coverage/profile.go:46.44,47.22 1 0
github.com/willjunx/go-coverage-report/pkg/coverage/profile.go:47.22,49.3 1 0
github.com/willjunx/go-coverage-report/pkg/coverage/profile.go:51.2,51.60 1 0
github.com/willjunx/go-coverage-report/pkg/coverage/profile.go:54.33,56.2 1 0
github.com/willjunx/go-coverage-report/pkg/coverage/profile.go:58.35,60.2 1 0
github.com/willjunx/go-coverage-report/pkg/coverage/profile.go:62.34,64.2 1 0
github.com/willjunx/go-coverage-report/pkg/coverage/profile.go:68.63,75.15 2 1
github.com/willjunx/go-coverage-report/pkg/coverage/profile.go:75.15,78.45 2 1
github.com/willjunx/go-coverage-report/pkg/coverage/profile.go:78.45,81.48 2 1
github.com/willjunx/go-coverage-report/pkg/coverage/profile.go:81.48,83.5 1 0
github.com/willjunx/go-coverage-report/pkg/coverage/profile.go:85.4,87.12 2 1
github.com/willjunx/go-coverage-report/pkg/coverage/profile.go:90.3,91.17 2 1
github.com/willjunx/go-coverage-report/pkg/coverage/profile.go:91.17,93.4 1 0
github.com/willjunx/go-coverage-report/pkg/coverage/profile.go:95.3,95.48 1 1
github.com/willjunx/go-coverage-report/pkg/coverage/profile.go:95.48,101.4 1 1
github.com/willjunx/go-coverage-report/pkg/coverage/profile.go:101.9,104.4 2 1
github.com/willjunx/go-coverage-report/pkg/coverage/profile.go:107.2,107.32 1 1
github.com/willjunx/go-coverage-report/pkg/coverage/profile.go:107.32,109.3 1 0
github.com/willjunx/go-coverage-report/pkg/coverage/profile.go:111.2,113.26 2 1
github.com/willjunx/go-coverage-report/pkg/coverage/profile.go:113.26,119.32 4 1
github.com/willjunx/go-coverage-report/pkg/coverage/profile.go:119.32,127.75 6 1
github.com/willjunx/go-coverage-report/pkg/coverage/profile.go:127.75,130.46 2 0
github.com/willjunx/go-coverage-report/pkg/coverage/profile.go:130.46,132.6 1 0
github.com/willjunx/go-coverage-report/pkg/coverage/profile.go:134.5,134.22 1 0
github.com/willjunx/go-coverage-report/pkg/coverage/profile.go:134.22,136.6 1 0
github.com/willjunx/go-coverage-report/pkg/coverage/profile.go:136.11,138.6 1 0
github.com/willjunx/go-coverage-report/pkg/coverage/profile.go:140.5,140.8 1 0
github.com/willjunx/go-coverage-report/pkg/coverage/profile.go:143.4,145.9 3 1
github.com/willjunx/go-coverage-report/pkg/coverage/profile.go:148.3,148.31 1 1
github.com/willjunx/go-coverage-report/pkg/coverage/profile.go:148.31,151.23 2 1
github.com/willjunx/go-coverage-report/pkg/coverage/profile.go:151.23,153.5 1 1
github.com/willjunx/go-coverage-report/pkg/coverage/profile.go:156.3,160.33 3 1
github.com/willjunx/go-coverage-report/pkg/coverage/profile.go:163.2,165.22 2 1
github.com/willjunx/go-coverage-report/pkg/coverage/profile.go:169.75,176.16 3 1
github.com/willjunx/go-coverage-report/pkg/coverage/profile.go:176.16,178.3 1 0
github.com/willjunx/go-coverage-report/pkg/coverage/profile.go:180.2,181.16 2 1
github.com/willjunx/go-coverage-report/pkg/coverage/profile.go:181.16,183.3 1 0
github.com/willjunx/go-coverage-report/pkg/coverage/profile.go:185.2,186.16 2 1
github.com/willjunx/go-coverage-report/pkg/coverage/profile.go:186.16,188.3 1 0
github.com/willjunx/go-coverage-report/pkg/coverage/profile.go:190.2,191.16 2 1
github.com/willjunx/go-coverage-report/pkg/coverage/profile.go:191.16,193.3 1 0
github.com/willjunx/go-coverage-report/pkg/coverage/profile.go:195.2,196.16 2 1
github.com/willjunx/go-coverage-report/pkg/coverage/profile.go:196.16,198.3 1 0
github.com/willjunx/go-coverage-report/pkg/coverage/profile.go:200.2,201.16 2 1
github.com/willjunx/go-coverage-report/pkg/coverage/profile.go:201.16,203.3 1 0
github.com/willjunx/go-coverage-report/pkg/coverage/profile.go:205.2,206.20 2 1
github.com/willjunx/go-coverage-report/pkg/coverage/profile.go:206.20,208.3 1 0
github.com/willjunx/go-coverage-report/pkg/coverage/profile.go:210.2,210.25 1 1
github.com/willjunx/go-coverage-report/pkg/coverage/profile.go:216.93,217.38 1 1
github.com/willjunx/go-coverage-report/pkg/coverage/profile.go:217.38,218.20 1 1
github.com/willjunx/go-coverage-report/pkg/coverage/profile.go:218.20,220.18 2 1
github.com/willjunx/go-coverage-report/pkg/coverage/profile.go:220.18,222.5 1 0
github.com/willjunx/go-coverage-report/pkg/coverage/profile.go:224.4,224.13 1 1
github.com/willjunx/go-coverage-report/pkg/coverage/profile.go:224.13,226.5 1 0
github.com/willjunx/go-coverage-report/pkg/coverage/profile.go:228.4,228.22 1 1
github.com/willjunx/go-coverage-report/pkg/coverage/profile.go:232.2,232.76 1 0
github.com/willjunx/go-coverage-report/pkg/coverage/sort.go:5.39,5.56 1 1
github.com/willjunx/go-coverage-report/pkg/coverage/sort.go:6.39,6.66 1 0
github.com/willjunx/go-coverage-report/pkg/coverage/sort.go:7.44,10.2 2 1
github.com/willjunx/go-coverage-report/pkg/coverage/sort.go:14.41,14.58 1 1
github.com/willjunx/go-coverage-report/pkg/coverage/sort.go:15.41,15.81 1 1
github.com/willjunx/go-coverage-report/pkg/coverage/sort.go:16.41,16.68 1 0
