mode: set
github.com/willjunx/go-coverage-report/pkg/config/config.go:22.51,24.16 2 0
github.com/willjunx/go-coverage-report/pkg/config/config.go:24.16,26.3 1 0
github.com/willjunx/go-coverage-report/pkg/config/config.go:28.2,29.16 2 0
github.com/willjunx/go-coverage-report/pkg/config/config.go:29.16,31.3 1 0
github.com/willjunx/go-coverage-report/pkg/config/config.go:33.2,35.3 1 0
github.com/willjunx/go-coverage-report/pkg/config/helper.go:3.26,3.55 1 0
github.com/willjunx/go-coverage-report/pkg/config/strcts.go:21.37,22.22 1 0
github.com/willjunx/go-coverage-report/pkg/config/strcts.go:22.22,24.3 1 0
github.com/willjunx/go-coverage-report/pkg/config/strcts.go:26.2,26.25 1 0
github.com/willjunx/go-coverage-report/pkg/config/strcts.go:26.25,28.3 1 0
github.com/willjunx/go-coverage-report/pkg/config/strcts.go:30.2,30.23 1 0
github.com/willjunx/go-coverage-report/pkg/config/strcts.go:30.23,32.3 1 0
github.com/willjunx/go-coverage-report/pkg/config/strcts.go:34.2,34.12 1 0
github.com/willjunx/go-coverage-report/cmd/go-coverage-report/main.go:44.13,47.22 2 0
github.com/willjunx/go-coverage-report/cmd/go-coverage-report/main.go:47.22,49.17 2 0
github.com/willjunx/go-coverage-report/cmd/go-coverage-report/main.go:49.17,50.14 1 0
github.com/willjunx/go-coverage-report/cmd/go-coverage-report/main.go:53.3,53.23 1 0
github.com/willjunx/go-coverage-report/cmd/go-coverage-report/main.go:56.2,62.16 6 0
github.com/willjunx/go-coverage-report/cmd/go-coverage-report/main.go:62.16,64.3 1 0
github.com/willjunx/go-coverage-report/cmd/go-coverage-report/main.go:67.58,71.20 3 0
github.com/willjunx/go-coverage-report/cmd/go-coverage-report/main.go:71.20,72.20 1 0
github.com/willjunx/go-coverage-report/cmd/go-coverage-report/main.go:72.20,74.4 1 0
github.com/willjunx/go-coverage-report/cmd/go-coverage-report/main.go:76.3,77.13 2 0
github.com/willjunx/go-coverage-report/cmd/go-coverage-report/main.go:80.2,87.31 2 0
github.com/willjunx/go-coverage-report/cmd/go-coverage-report/main.go:90.61,92.27 2 0
github.com/willjunx/go-coverage-report/cmd/go-coverage-report/main.go:92.27,93.65 1 0
github.com/willjunx/go-coverage-report/cmd/go-coverage-report/main.go:93.65,95.4 1 0
github.com/willjunx/go-coverage-report/cmd/go-coverage-report/main.go:98.2,99.16 2 0
github.com/willjunx/go-coverage-report/cmd/go-coverage-report/main.go:99.16,101.3 1 0
github.com/willjunx/go-coverage-report/cmd/go-coverage-report/main.go:103.2,104.16 2 0
github.com/willjunx/go-coverage-report/cmd/go-coverage-report/main.go:104.16,106.3 1 0
github.com/willjunx/go-coverage-report/cmd/go-coverage-report/main.go:108.2,110.28 2 0
github.com/willjunx/go-coverage-report/cmd/go-coverage-report/main.go:110.28,113.3 2 0
github.com/willjunx/go-coverage-report/cmd/go-coverage-report/main.go:115.2,118.21 3 0
github.com/willjunx/go-coverage-report/cmd/go-coverage-report/main.go:118.21,120.3 1 0
github.com/willjunx/go-coverage-report/cmd/go-coverage-report/main.go:122.2,122.38 1 0
github.com/willjunx/go-coverage-report/cmd/go-coverage-report/main.go:123.18,125.17 2 0
github.com/willjunx/go-coverage-report/cmd/go-coverage-report/main.go:125.17,126.14 1 0
github.com/willjunx/go-coverage-report/cmd/go-coverage-report/main.go:128.14,130.17 2 0
github.com/willjunx/go-coverage-report/cmd/go-coverage-report/main.go:130.17,131.14 1 0
github.com/willjunx/go-coverage-report/cmd/go-coverage-report/main.go:133.10,134.59 1 0
github.com/willjunx/go-coverage-report/cmd/go-coverage-report/main.go:137.2,137.12 1 0
github.com/willjunx/go-coverage-report/pkg/config/config.go:22.51,24.16 2 0
github.com/willjunx/go-coverage-report/pkg/config/config.go:24.16,26.3 1 0
github.com/willjunx/go-coverage-report/pkg/config/config.go:28.2,29.16 2 0
github.com/willjunx/go-coverage-report/pkg/config/config.go:29.16,31.3 1 0
github.com/willjunx/go-coverage-report/pkg/config/config.go:33.2,35.3 1 0
github.com/willjunx/go-coverage-report/pkg/config/helper.go:3.26,3.55 1 0
github.com/willjunx/go-coverage-report/pkg/config/strcts.go:21.37,22.22 1 0
github.com/willjunx/go-coverage-report/pkg/config/strcts.go:22.22,24.3 1 0
github.com/willjunx/go-coverage-report/pkg/config/strcts.go:26.2,26.25 1 0
github.com/willjunx/go-coverage-report/pkg/config/strcts.go:26.25,28.3 1 0
github.com/willjunx/go-coverage-report/pkg/config/strcts.go:30.2,30.23 1 0
github.com/willjunx/go-coverage-report/pkg/config/strcts.go:30.23,32.3 1 0
github.com/willjunx/go-coverage-report/pkg/config/strcts.go:34.2,34.12 1 0
github.com/willjunx/go-coverage-report/pkg/report/changed_files.go:12.89,20.44 2 1
github.com/willjunx/go-coverage-report/pkg/report/changed_files.go:20.44,21.47 1 1
github.com/willjunx/go-coverage-report/pkg/report/changed_files.go:21.47,22.12 1 1
github.com/willjunx/go-coverage-report/pkg/report/changed_files.go:25.3,30.16 4 1
github.com/willjunx/go-coverage-report/pkg/report/changed_files.go:30.16,31.44 1 1
github.com/willjunx/go-coverage-report/pkg/report/changed_files.go:31.44,32.43 1 1
github.com/willjunx/go-coverage-report/pkg/report/changed_files.go:32.43,34.11 2 0
github.com/willjunx/go-coverage-report/pkg/report/changed_files.go:39.3,39.24 1 1
github.com/willjunx/go-coverage-report/pkg/report/changed_files.go:39.24,41.4 1 1
github.com/willjunx/go-coverage-report/pkg/report/changed_files.go:44.2,44.12 1 1
github.com/willjunx/go-coverage-report/pkg/report/changed_files.go:47.67,49.16 2 1
github.com/willjunx/go-coverage-report/pkg/report/changed_files.go:49.16,51.3 1 0
github.com/willjunx/go-coverage-report/pkg/report/changed_files.go:53.2,56.16 3 1
github.com/willjunx/go-coverage-report/pkg/report/changed_files.go:56.16,58.3 1 0
github.com/willjunx/go-coverage-report/pkg/report/changed_files.go:60.2,60.29 1 1
github.com/willjunx/go-coverage-report/pkg/report/changed_files.go:60.29,62.3 1 1
github.com/willjunx/go-coverage-report/pkg/report/changed_files.go:64.2,64.19 1 1
github.com/willjunx/go-coverage-report/pkg/report/changed_files.go:67.70,68.28 1 1
github.com/willjunx/go-coverage-report/pkg/report/changed_files.go:68.28,70.3 1 1
github.com/willjunx/go-coverage-report/pkg/report/changed_files.go:72.2,74.39 2 1
github.com/willjunx/go-coverage-report/pkg/report/changed_files.go:74.39,76.3 1 1
github.com/willjunx/go-coverage-report/pkg/report/changed_files.go:78.2,78.17 1 1
github.com/willjunx/go-coverage-report/pkg/report/changed_files.go:81.57,82.28 1 1
github.com/willjunx/go-coverage-report/pkg/report/changed_files.go:82.28,83.25 1 1
github.com/willjunx/go-coverage-report/pkg/report/changed_files.go:83.25,85.4 1 1
github.com/willjunx/go-coverage-report/pkg/report/changed_files.go:88.2,88.14 1 1
github.com/willjunx/go-coverage-report/pkg/report/report.go:28.97,42.2 3 1
github.com/willjunx/go-coverage-report/pkg/report/report.go:44.99,50.20 2 1
github.com/willjunx/go-coverage-report/pkg/report/report.go:50.20,52.3 1 1
github.com/willjunx/go-coverage-report/pkg/report/report.go:54.2,54.40 1 1
github.com/willjunx/go-coverage-report/pkg/report/report.go:54.40,56.10 2 1
github.com/willjunx/go-coverage-report/pkg/report/report.go:56.10,57.12 1 0
github.com/willjunx/go-coverage-report/pkg/report/report.go:60.3,61.28 2 1
github.com/willjunx/go-coverage-report/pkg/report/report.go:61.28,63.4 1 1
github.com/willjunx/go-coverage-report/pkg/report/report.go:66.2,66.12 1 1
github.com/willjunx/go-coverage-report/pkg/report/report.go:69.105,75.20 2 1
github.com/willjunx/go-coverage-report/pkg/report/report.go:75.20,77.3 1 1
github.com/willjunx/go-coverage-report/pkg/report/report.go:79.2,81.38 2 1
github.com/willjunx/go-coverage-report/pkg/report/report.go:81.38,83.10 2 1
github.com/willjunx/go-coverage-report/pkg/report/report.go:83.10,84.12 1 0
github.com/willjunx/go-coverage-report/pkg/report/report.go:87.3,88.23 2 1
github.com/willjunx/go-coverage-report/pkg/report/report.go:88.23,90.4 1 1
github.com/willjunx/go-coverage-report/pkg/report/report.go:93.2,93.12 1 1
github.com/willjunx/go-coverage-report/pkg/report/report.go:96.54,102.36 2 1
github.com/willjunx/go-coverage-report/pkg/report/report.go:102.36,104.19 2 1
github.com/willjunx/go-coverage-report/pkg/report/report.go:104.19,105.12 1 0
github.com/willjunx/go-coverage-report/pkg/report/report.go:108.3,109.22 2 1
github.com/willjunx/go-coverage-report/pkg/report/report.go:112.2,114.12 2 1
github.com/willjunx/go-coverage-report/pkg/report/report.go:117.36,130.22 4 1
github.com/willjunx/go-coverage-report/pkg/report/report.go:130.22,133.3 2 1
github.com/willjunx/go-coverage-report/pkg/report/report.go:135.2,141.40 5 1
github.com/willjunx/go-coverage-report/pkg/report/report.go:141.40,144.37 2 1
github.com/willjunx/go-coverage-report/pkg/report/report.go:144.37,146.4 1 1
github.com/willjunx/go-coverage-report/pkg/report/report.go:148.3,148.37 1 1
github.com/willjunx/go-coverage-report/pkg/report/report.go:148.37,150.4 1 1
github.com/willjunx/go-coverage-report/pkg/report/report.go:152.3,157.23 4 1
github.com/willjunx/go-coverage-report/pkg/report/report.go:157.23,161.4 2 1
github.com/willjunx/go-coverage-report/pkg/report/report.go:163.3,163.51 1 1
github.com/willjunx/go-coverage-report/pkg/report/report.go:166.2,169.24 3 1
github.com/willjunx/go-coverage-report/pkg/report/report.go:172.32,174.16 2 0
github.com/willjunx/go-coverage-report/pkg/report/report.go:174.16,175.13 1 0
github.com/willjunx/go-coverage-report/pkg/report/report.go:178.2,178.21 1 0
github.com/willjunx/go-coverage-report/pkg/report/report.go:181.33,188.40 2 1
github.com/willjunx/go-coverage-report/pkg/report/report.go:188.40,191.37 2 1
github.com/willjunx/go-coverage-report/pkg/report/report.go:191.37,193.4 1 1
github.com/willjunx/go-coverage-report/pkg/report/report.go:195.3,195.37 1 1
github.com/willjunx/go-coverage-report/pkg/report/report.go:195.37,197.4 1 1
github.com/willjunx/go-coverage-report/pkg/report/report.go:199.3,199.30 1 1
github.com/willjunx/go-coverage-report/pkg/report/report.go:199.30,201.4 1 1
github.com/willjunx/go-coverage-report/pkg/report/report.go:201.9,201.37 1 1
github.com/willjunx/go-coverage-report/pkg/report/report.go:201.37,203.4 1 1
github.com/willjunx/go-coverage-report/pkg/report/report.go:206.2,208.9 2 1
github.com/willjunx/go-coverage-report/pkg/report/report.go:209.44,210.88 1 0
github.com/willjunx/go-coverage-report/pkg/report/report.go:211.43,212.86 1 1
github.com/willjunx/go-coverage-report/pkg/report/report.go:213.43,214.86 1 1
github.com/willjunx/go-coverage-report/pkg/report/report.go:215.10,216.126 1 0
github.com/willjunx/go-coverage-report/pkg/report/report.go:219.2,219.14 1 1
github.com/willjunx/go-coverage-report/pkg/report/report.go:222.54,233.35 8 1
github.com/willjunx/go-coverage-report/pkg/report/report.go:233.35,234.39 1 1
github.com/willjunx/go-coverage-report/pkg/report/report.go:234.39,236.4 1 1
github.com/willjunx/go-coverage-report/pkg/report/report.go:236.9,238.4 1 1
github.com/willjunx/go-coverage-report/pkg/report/report.go:241.2,241.24 1 1
github.com/willjunx/go-coverage-report/pkg/report/report.go:241.24,243.3 1 1
github.com/willjunx/go-coverage-report/pkg/report/report.go:245.2,245.28 1 1
github.com/willjunx/go-coverage-report/pkg/report/report.go:245.28,247.3 1 1
github.com/willjunx/go-coverage-report/pkg/report/report.go:249.2,251.93 2 1
github.com/willjunx/go-coverage-report/pkg/report/report.go:251.93,254.3 2 1
github.com/willjunx/go-coverage-report/pkg/report/report.go:257.66,266.17 3 1
github.com/willjunx/go-coverage-report/pkg/report/report.go:266.17,267.12 1 1
github.com/willjunx/go-coverage-report/pkg/report/report.go:267.12,269.5 1 1
github.com/willjunx/go-coverage-report/pkg/report/report.go:271.4,271.17 1 1
github.com/willjunx/go-coverage-report/pkg/report/report.go:276.78,286.14 5 1
github.com/willjunx/go-coverage-report/pkg/report/report.go:286.14,289.3 2 1
github.com/willjunx/go-coverage-report/pkg/report/report.go:291.2,294.29 3 1
github.com/willjunx/go-coverage-report/pkg/report/report.go:294.29,300.53 4 1
github.com/willjunx/go-coverage-report/pkg/report/report.go:300.53,303.11 2 1
github.com/willjunx/go-coverage-report/pkg/report/report.go:304.18,305.50 1 1
github.com/willjunx/go-coverage-report/pkg/report/report.go:306.18,307.49 1 1
github.com/willjunx/go-coverage-report/pkg/report/report.go:308.12,309.37 1 1
github.com/willjunx/go-coverage-report/pkg/report/report.go:313.3,325.15 4 1
github.com/willjunx/go-coverage-report/pkg/report/report.go:325.15,329.4 2 1
github.com/willjunx/go-coverage-report/pkg/report/report.go:331.3,331.51 1 1
github.com/willjunx/go-coverage-report/pkg/report/report.go:335.85,339.29 3 1
github.com/willjunx/go-coverage-report/pkg/report/report.go:339.29,341.3 1 1
github.com/willjunx/go-coverage-report/pkg/report/report.go:343.2,343.29 1 1
github.com/willjunx/go-coverage-report/pkg/report/report.go:346.53,347.14 1 1
github.com/willjunx/go-coverage-report/pkg/report/report.go:347.14,349.3 1 0
github.com/willjunx/go-coverage-report/pkg/report/report.go:351.2,353.34 2 1
github.com/willjunx/go-coverage-report/pkg/report/report.go:356.73,360.9 3 1
github.com/willjunx/go-coverage-report/pkg/report/report.go:361.18,362.40 1 0
github.com/willjunx/go-coverage-report/pkg/report/report.go:363.18,364.52 1 1
github.com/willjunx/go-coverage-report/pkg/report/report.go:365.16,366.25 1 1
github.com/willjunx/go-coverage-report/pkg/report/report.go:367.17,369.17 2 1
github.com/willjunx/go-coverage-report/pkg/report/report.go:370.17,371.20 1 0
github.com/willjunx/go-coverage-report/pkg/report/report.go:372.17,373.19 1 0
github.com/willjunx/go-coverage-report/pkg/report/report.go:374.16,375.23 1 1
github.com/willjunx/go-coverage-report/pkg/report/report.go:378.2,378.23 1 1
github.com/willjunx/go-coverage-report/pkg/report/report.go:381.33,382.9 1 1
github.com/willjunx/go-coverage-report/pkg/report/report.go:382.9,384.3 1 1
github.com/willjunx/go-coverage-report/pkg/report/report.go:386.2,386.40 1 1
github.com/willjunx/go-coverage-report/pkg/report/report.go:389.44,390.41 1 0
github.com/willjunx/go-coverage-report/pkg/report/report.go:390.41,392.3 1 0
github.com/willjunx/go-coverage-report/pkg/report/report.go:394.2,394.38 1 0
github.com/willjunx/go-coverage-report/pkg/report/report.go:394.38,396.3 1 0
github.com/willjunx/go-coverage-report/pkg/report/report.go:398.2,399.26 2 0
github.com/willjunx/go-coverage-report/pkg/report/report.go:402.56,403.20 1 1
github.com/willjunx/go-coverage-report/pkg/report/report.go:403.20,405.3 1 1
github.com/willjunx/go-coverage-report/pkg/report/report.go:407.2,407.41 1 1
github.com/willjunx/go-coverage-report/pkg/coverage/coverage.go:15.48,17.29 2 1
github.com/willjunx/go-coverage-report/pkg/coverage/coverage.go:17.29,19.3 1 1
github.com/willjunx/go-coverage-report/pkg/coverage/coverage.go:21.2,21.13 1 1
github.com/willjunx/go-coverage-report/pkg/coverage/coverage.go:24.62,26.16 2 1
github.com/willjunx/go-coverage-report/pkg/coverage/coverage.go:26.16,28.3 1 0
github.com/willjunx/go-coverage-report/pkg/coverage/coverage.go:30.2,30.29 1 1
github.com/willjunx/go-coverage-report/pkg/coverage/coverage.go:33.35,34.38 1 1
github.com/willjunx/go-coverage-report/pkg/coverage/coverage.go:34.38,35.70 1 0
github.com/willjunx/go-coverage-report/pkg/coverage/coverage.go:38.2,41.30 4 1
github.com/willjunx/go-coverage-report/pkg/coverage/coverage.go:44.38,45.22 1 1
github.com/willjunx/go-coverage-report/pkg/coverage/coverage.go:45.22,47.3 1 0
github.com/willjunx/go-coverage-report/pkg/coverage/coverage.go:49.2,49.60 1 1
github.com/willjunx/go-coverage-report/pkg/coverage/coverage.go:52.53,55.28 2 1
github.com/willjunx/go-coverage-report/pkg/coverage/coverage.go:55.28,58.3 2 1
github.com/willjunx/go-coverage-report/pkg/coverage/coverage.go:60.2,62.35 2 1
github.com/willjunx/go-coverage-report/pkg/coverage/coverage.go:62.35,64.30 2 1
github.com/willjunx/go-coverage-report/pkg/coverage/coverage.go:64.30,66.4 1 1
github.com/willjunx/go-coverage-report/pkg/coverage/coverage.go:68.3,68.39 1 1
github.com/willjunx/go-coverage-report/pkg/coverage/coverage.go:71.2,71.16 1 1
github.com/willjunx/go-coverage-report/pkg/coverage/coverage.go:74.46,75.33 1 0
github.com/willjunx/go-coverage-report/pkg/coverage/coverage.go:75.33,79.3 3 0
github.com/willjunx/go-coverage-report/pkg/coverage/helper.go:5.45,9.19 3 0
github.com/willjunx/go-coverage-report/pkg/coverage/helper.go:9.19,11.3 1 0
github.com/willjunx/go-coverage-report/pkg/coverage/helper.go:13.2,13.16 1 0
github.com/willjunx/go-coverage-report/pkg/coverage/profile.go:34.50,40.2 1 0
github.com/willjunx/go-coverage-report/pkg/coverage/profile.go:44.62,46.16 2 1
github.com/willjunx/go-coverage-report/pkg/coverage/profile.go:46.16,48.3 1 0
github.com/willjunx/go-coverage-report/pkg/coverage/profile.go:50.2,50.15 1 1
github.com/willjunx/go-coverage-report/pkg/coverage/profile.go:50.15,52.3 1 1
github.com/willjunx/go-coverage-report/pkg/coverage/profile.go:54.2,54.36 1 1
github.com/willjunx/go-coverage-report/pkg/coverage/profile.go:57.44,58.22 1 0
github.com/willjunx/go-coverage-report/pkg/coverage/profile.go:58.22,60.3 1 0
github.com/willjunx/go-coverage-report/pkg/coverage/profile.go:62.2,62.60 1 0
github.com/willjunx/go-coverage-report/pkg/coverage/profile.go:65.33,67.2 1 0
github.com/willjunx/go-coverage-report/pkg/coverage/profile.go:69.35,71.2 1 0
github.com/willjunx/go-coverage-report/pkg/coverage/profile.go:73.34,75.2 1 0
github.com/willjunx/go-coverage-report/pkg/coverage/profile.go:79.63,86.15 2 1
github.com/willjunx/go-coverage-report/pkg/coverage/profile.go:86.15,89.45 2 1
github.com/willjunx/go-coverage-report/pkg/coverage/profile.go:89.45,92.48 2 1
github.com/willjunx/go-coverage-report/pkg/coverage/profile.go:92.48,94.5 1 0
github.com/willjunx/go-coverage-report/pkg/coverage/profile.go:96.4,98.12 2 1
github.com/willjunx/go-coverage-report/pkg/coverage/profile.go:101.3,102.17 2 1
github.com/willjunx/go-coverage-report/pkg/coverage/profile.go:102.17,104.4 1 0
github.com/willjunx/go-coverage-report/pkg/coverage/profile.go:106.3,106.48 1 1
github.com/willjunx/go-coverage-report/pkg/coverage/profile.go:106.48,112.4 1 1
github.com/willjunx/go-coverage-report/pkg/coverage/profile.go:112.9,115.4 2 1
github.com/willjunx/go-coverage-report/pkg/coverage/profile.go:118.2,118.32 1 1
github.com/willjunx/go-coverage-report/pkg/coverage/profile.go:118.32,120.3 1 0
github.com/willjunx/go-coverage-report/pkg/coverage/profile.go:122.2,124.26 2 1
github.com/willjunx/go-coverage-report/pkg/coverage/profile.go:124.26,130.32 4 1
github.com/willjunx/go-coverage-report/pkg/coverage/profile.go:130.32,138.75 6 1
github.com/willjunx/go-coverage-report/pkg/coverage/profile.go:138.75,141.46 2 0
github.com/willjunx/go-coverage-report/pkg/coverage/profile.go:141.46,143.6 1 0
github.com/willjunx/go-coverage-report/pkg/coverage/profile.go:145.5,145.22 1 0
github.com/willjunx/go-coverage-report/pkg/coverage/profile.go:145.22,147.6 1 0
github.com/willjunx/go-coverage-report/pkg/coverage/profile.go:147.11,149.6 1 0
github.com/willjunx/go-coverage-report/pkg/coverage/profile.go:151.5,151.8 1 0
github.com/willjunx/go-coverage-report/pkg/coverage/profile.go:154.4,156.9 3 1
github.com/willjunx/go-coverage-report/pkg/coverage/profile.go:159.3,159.31 1 1
github.com/willjunx/go-coverage-report/pkg/coverage/profile.go:159.31,162.23 2 1
github.com/willjunx/go-coverage-report/pkg/coverage/profile.go:162.23,164.5 1 1
github.com/willjunx/go-coverage-report/pkg/coverage/profile.go:167.3,171.33 3 1
github.com/willjunx/go-coverage-report/pkg/coverage/profile.go:174.2,176.22 2 1
github.com/willjunx/go-coverage-report/pkg/coverage/profile.go:180.75,187.16 3 1
github.com/willjunx/go-coverage-report/pkg/coverage/profile.go:187.16,189.3 1 0
github.com/willjunx/go-coverage-report/pkg/coverage/profile.go:191.2,192.16 2 1
github.com/willjunx/go-coverage-report/pkg/coverage/profile.go:192.16,194.3 1 0
github.com/willjunx/go-coverage-report/pkg/coverage/profile.go:196.2,197.16 2 1
github.com/willjunx/go-coverage-report/pkg/coverage/profile.go:197.16,199.3 1 0
github.com/willjunx/go-coverage-report/pkg/coverage/profile.go:201.2,202.16 2 1
github.com/willjunx/go-coverage-report/pkg/coverage/profile.go:202.16,204.3 1 0
github.com/willjunx/go-coverage-report/pkg/coverage/profile.go:206.2,207.16 2 1
github.com/willjunx/go-coverage-report/pkg/coverage/profile.go:207.16,209.3 1 0
github.com/willjunx/go-coverage-report/pkg/coverage/profile.go:211.2,212.16 2 1
github.com/willjunx/go-coverage-report/pkg/coverage/profile.go:212.16,214.3 1 0
github.com/willjunx/go-coverage-report/pkg/coverage/profile.go:216.2,217.20 2 1
github.com/willjunx/go-coverage-report/pkg/coverage/profile.go:217.20,219.3 1 0
github.com/willjunx/go-coverage-report/pkg/coverage/profile.go:221.2,221.25 1 1
github.com/willjunx/go-coverage-report/pkg/coverage/profile.go:227.89,228.38 1 1
github.com/willjunx/go-coverage-report/pkg/coverage/profile.go:228.38,229.20 1 1
github.com/willjunx/go-coverage-report/pkg/coverage/profile.go:229.20,231.18 2 1
github.com/willjunx/go-coverage-report/pkg/coverage/profile.go:231.18,233.5 1 0
github.com/willjunx/go-coverage-report/pkg/coverage/profile.go:235.4,235.13 1 1
github.com/willjunx/go-coverage-report/pkg/coverage/profile.go:235.13,237.5 1 0
github.com/willjunx/go-coverage-report/pkg/coverage/profile.go:239.4,239.22 1 1
github.com/willjunx/go-coverage-report/pkg/coverage/profile.go:243.2,243.76 1 0
github.com/willjunx/go-coverage-report/pkg/coverage/sort.go:5.39,5.56 1 1
github.com/willjunx/go-coverage-report/pkg/coverage/sort.go:6.39,6.66 1 0
github.com/willjunx/go-coverage-report/pkg/coverage/sort.go:7.44,10.2 2 1
github.com/willjunx/go-coverage-report/pkg/coverage/sort.go:14.41,14.58 1 1
github.com/willjunx/go-coverage-report/pkg/coverage/sort.go:15.41,15.81 1 1
github.com/willjunx/go-coverage-report/pkg/coverage/sort.go:16.41,16.68 1 0
